<?xml version="1.0" encoding="UTF-8"?>
<testng-results ignored="0" total="1" passed="1" failed="0" skipped="0">
  <reporter-output>
  </reporter-output>
  <suite started-at="2024-03-02T20:58:39 WIB" name="Default suite" finished-at="2024-03-02T20:59:28 WIB" duration-ms="48844">
    <groups>
    </groups>
    <test started-at="2024-03-02T20:58:39 WIB" name="Default test" finished-at="2024-03-02T20:59:28 WIB" duration-ms="48844">
      <class name="mobiletest.Appium.eComerce_Tc1">
        <test-method is-config="true" signature="ConfigureAppium()[pri:0, instance:mobiletest.Appium.eComerce_Tc1@6574a52c]" started-at="2024-03-02T20:58:39 WIB" name="ConfigureAppium" finished-at="2024-03-02T20:58:49 WIB" duration-ms="9289" status="PASS">
          <reporter-output>
          </reporter-output>
        </test-method> <!-- ConfigureAppium -->
        <test-method signature="fillForm()[pri:0, instance:mobiletest.Appium.eComerce_Tc1@6574a52c]" started-at="2024-03-02T20:58:49 WIB" name="fillForm" finished-at="2024-03-02T20:59:27 WIB" duration-ms="38587" status="PASS">
          <reporter-output>
          </reporter-output>
        </test-method> <!-- fillForm -->
        <test-method is-config="true" signature="tearDown()[pri:0, instance:mobiletest.Appium.eComerce_Tc1@6574a52c]" started-at="2024-03-02T20:59:27 WIB" name="tearDown" finished-at="2024-03-02T20:59:28 WIB" duration-ms="942" status="PASS">
          <reporter-output>
          </reporter-output>
        </test-method> <!-- tearDown -->
      </class> <!-- mobiletest.Appium.eComerce_Tc1 -->
    </test> <!-- Default test -->
  </suite> <!-- Default suite -->
</testng-results>
