<?xml version="1.0" encoding="UTF-8"?>
<testng-results ignored="0" total="1" passed="1" failed="0" skipped="0">
  <reporter-output>
  </reporter-output>
  <suite started-at="2024-03-01T23:57:28 WIB" name="Default suite" finished-at="2024-03-01T23:57:47 WIB" duration-ms="19579">
    <groups>
    </groups>
    <test started-at="2024-03-01T23:57:28 WIB" name="Default test" finished-at="2024-03-01T23:57:47 WIB" duration-ms="19579">
      <class name="mobiletest.Appium.AppiumBasics">
        <test-method is-config="true" signature="ConfigureAppium()[pri:0, instance:mobiletest.Appium.AppiumBasics@1ffaf86]" started-at="2024-03-01T23:57:28 WIB" name="ConfigureAppium" finished-at="2024-03-01T23:57:38 WIB" duration-ms="10653" status="PASS">
          <reporter-output>
          </reporter-output>
        </test-method> <!-- ConfigureAppium -->
        <test-method signature="wifiSettingName()[pri:0, instance:mobiletest.Appium.AppiumBasics@1ffaf86]" started-at="2024-03-01T23:57:38 WIB" name="wifiSettingName" finished-at="2024-03-01T23:57:47 WIB" duration-ms="8189" status="PASS">
          <reporter-output>
          </reporter-output>
        </test-method> <!-- wifiSettingName -->
        <test-method is-config="true" signature="tearDown()[pri:0, instance:mobiletest.Appium.AppiumBasics@1ffaf86]" started-at="2024-03-01T23:57:47 WIB" name="tearDown" finished-at="2024-03-01T23:57:47 WIB" duration-ms="714" status="PASS">
          <reporter-output>
          </reporter-output>
        </test-method> <!-- tearDown -->
      </class> <!-- mobiletest.Appium.AppiumBasics -->
    </test> <!-- Default test -->
  </suite> <!-- Default suite -->
</testng-results>
